<?xml version="1.0" encoding="UTF-8"?>
<!-- Generated by org.testng.reporters.JUnitXMLReporter -->
<testsuite hostname="IND-5CG9345HKL" ignored="0" name="Default test" tests="2" failures="0" timestamp="03 Jan 2020 12:02:04 GMT" time="709.814" errors="0">
  <testcase name="physicalIssues_Other_Wire_Test" time="271.927" classname="com.csc.selenium.workflows.PhysicalIssues"/>
  <testcase name="physicalIssues_Other_Wire_Test2" time="272.502" classname="com.csc.selenium.workflows.PhysicalIssues"/>
</testsuite> <!-- Default test -->
