<?xml version="1.0" encoding="UTF-8"?>
<!-- Generated by org.testng.reporters.JUnitXMLReporter -->
<testsuite hostname="IND-5CG9345HKL" ignored="0" name="Test" tests="2" failures="2" timestamp="03 Jan 2020 10:42:38 GMT" time="234.689" errors="0">
  <testcase name="physicalIssues_Other_Wire_Test" time="60.041" classname="com.csc.selenium.workflows.PhysicalIssues">
    <failure type="java.lang.NullPointerException">
      <![CDATA[java.lang.NullPointerException
at com.csc.selenium.workflows.PhysicalIssues.physicalIssues_Other_Wire_Test(PhysicalIssues.java:64)
... Removed 25 stack frames]]>
    </failure>
  </testcase> <!-- physicalIssues_Other_Wire_Test -->
  <testcase name="physicalIssues_Other_Wire_Test2" time="60.002" classname="com.csc.selenium.workflows.PhysicalIssues">
    <failure type="java.lang.NullPointerException">
      <![CDATA[java.lang.NullPointerException
at com.csc.selenium.workflows.PhysicalIssues.physicalIssues_Other_Wire_Test2(PhysicalIssues.java:265)
... Removed 25 stack frames]]>
    </failure>
  </testcase> <!-- physicalIssues_Other_Wire_Test2 -->
</testsuite> <!-- Test -->
