<?xml version="1.0" encoding="UTF-8"?>
<!-- Generated by org.testng.reporters.JUnitReportReporter -->
<testsuite skipped="0" hostname="IND-5CG9345HKL" name="com.csc.selenium.workflows.PhysicalIssues" tests="2" failures="0" timestamp="03 Jan 2020 12:02:05 GMT" time="709.532" errors="0">
  <testcase name="physicalIssues_Other_Wire_Test" time="375.551" classname="com.csc.selenium.workflows.PhysicalIssues"/>
  <testcase name="physicalIssues_Other_Wire_Test2" time="333.981" classname="com.csc.selenium.workflows.PhysicalIssues"/>
</testsuite> <!-- com.csc.selenium.workflows.PhysicalIssues -->
